Removed Pin From Net: NetName=NetR2_2 Pin=R4-2
Removed Pin From Net: NetName=NetR2_2 Pin=R6-2
Removed Pin From Net: NetName=NetR2_2 Pin=RGB1-2
Removed Pin From Net: NetName=NetR2_2 Pin=RGB1-3
Removed Pin From Net: NetName=NetR2_2 Pin=RGB2-1
Removed Pin From Net: NetName=NetR2_2 Pin=RGB2-2
Removed Pin From Net: NetName=NetR2_2 Pin=RGB3-1
Removed Pin From Net: NetName=NetR2_2 Pin=RGB3-2
Removed Pin From Net: NetName=NetR2_2 Pin=RGB4-2
Removed Pin From Net: NetName=NetR2_2 Pin=RGB4-3
Removed Pin From Net: NetName=NetR2_2 Pin=RGB5-1
Removed Pin From Net: NetName=NetR2_2 Pin=RGB5-3
Removed Pin From Net: NetName=NetR2_2 Pin=RGB6-1
Removed Pin From Net: NetName=NetR2_2 Pin=RGB6-3
Added Pin To Net: NetName=NetR4_2 Pin=R4-2
Added Pin To Net: NetName=NetR4_2 Pin=RGB1-3
Added Pin To Net: NetName=NetR4_2 Pin=RGB2-1
Added Pin To Net: NetName=NetR4_2 Pin=RGB3-2
Added Pin To Net: NetName=NetR4_2 Pin=RGB4-2
Added Pin To Net: NetName=NetR4_2 Pin=RGB5-3
Added Pin To Net: NetName=NetR4_2 Pin=RGB6-1
Added Net: Name=NetR4_2
Added Pin To Net: NetName=NetR6_2 Pin=R6-2
Added Pin To Net: NetName=NetR6_2 Pin=RGB1-2
Added Pin To Net: NetName=NetR6_2 Pin=RGB2-2
Added Pin To Net: NetName=NetR6_2 Pin=RGB3-1
Added Pin To Net: NetName=NetR6_2 Pin=RGB4-3
Added Pin To Net: NetName=NetR6_2 Pin=RGB5-1
Added Pin To Net: NetName=NetR6_2 Pin=RGB6-3
Added Net: Name=NetR6_2
Added Room: Name=rgb_schem
